select `users`.* from `users` where `users`.`id` = '1' and `name` = 'Magnus_Braun44' : 2ms
select `users`.* from `users` where `users`.`id` = '1' and `name` = 'Magnus_Braun44' : 1ms
select `users`.* from `users` where `users`.`id` = '1' and `name` = 'Magnus_Braun44' : 1ms
select `users`.* from `users` where `users`.`id` = '1' and `name` = 'Magnus_Braun44' : 1ms
select `users`.* from `users` where `users`.`id` = '1' and `name` = 'Magnus_Braun44' : 1ms
select `users`.* from `users` where `users`.`id` = '1' and `name` = 'Magnus_Braun44' : 1ms
select `users`.* from `users` where `users`.`id` = '1' and `name` = 'Magnus_Braun44' : 1ms
select `users`.* from `users` where `users`.`id` = '1' and `name` = 'Magnus_Braun44' : 1ms
select `users`.* from `users` where `users`.`id` = '1' and `name` = 'Magnus_Braun44' : 1ms
select `users`.* from `users` where `users`.`id` = '1' and `name` = 'Magnus_Braun44' : 1ms
select `users`.* from `users` where `users`.`id` = '1' and `name` = 'Magnus_Braun44' : 1ms
select `users`.* from `users` where `users`.`id` = '1' and `name` = 'Magnus_Braun44' : 1ms
select `users`.* from `users` where `users`.`id` = '1' and `name` = 'Magnus_Braun44' : 0ms
select `users`.* from `users` where `users`.`id` = '1' and `name` = 'Magnus_Braun44' : 1ms
select `users`.* from `users` where `users`.`id` = '1' and `name` = 'Magnus_Braun44' : 2ms
select `users`.* from `users` where `users`.`id` = '1' and `name` = 'Magnus_Braun44' : 2ms
select `users`.* from `users` where `users`.`id` = '1' and `name` = 'Magnus_Braun44' : 1ms
select `users`.* from `users` where `users`.`id` = '1' and `name` = 'Magnus_Braun44' : 1ms
select `users`.* from `users` where `users`.`id` = '1' and `name` = 'Magnus_Braun44' : 1ms
select `users`.* from `users` where `users`.`id` = '1' and `name` = 'Magnus_Braun44' : 1ms
select `users`.* from `users` where `users`.`id` = '1' and `name` = 'Magnus_Braun44' : 1ms
select `users`.* from `users` where `users`.`id` = '1' and `name` = 'Magnus_Braun44' : 1ms
select `users`.* from `users` where `users`.`id` = '1' and `name` = 'Magnus_Braun44' : 1ms
select `users`.* from `users` where `users`.`id` = '1' and `name` = 'Magnus_Braun44' : 2ms
select `users`.* from `users` where `users`.`id` = '1' and `name` = 'Magnus_Braun44' : 1ms
select `users`.* from `users` where `users`.`id` = '1' and `name` = 'Magnus_Braun44' : 1ms
select `users`.* from `users` where `users`.`id` = '1' and `name` = 'Magnus_Braun44' : 1ms
select `users`.* from `users` where `users`.`id` = '1' and `name` = 'Magnus_Braun44' : 1ms
select `users`.* from `users` where `users`.`id` = '1' and `name` = 'Magnus_Braun44' : 0ms
select `users`.* from `users` where `users`.`id` = '1' and `name` = 'Magnus_Braun44' : 1ms
select `users`.* from `users` where `users`.`id` = '1' and `name` = 'Magnus_Braun44' : 0ms
select `users`.* from `users` where `users`.`id` = '1' and `name` = 'Magnus_Braun44' : 2ms
select `users`.* from `users` where `users`.`id` = '1' and `name` = 'Magnus_Braun44' : 1ms
select `users`.* from `users` where `users`.`id` = '1' and `name` = 'Magnus_Braun44' : 1ms
select `users`.* from `users` where `users`.`id` = '1' and `name` = 'Magnus_Braun44' : 1ms
select `users`.* from `users` where `users`.`id` = '1' and `name` = 'Magnus_Braun44' : 1ms
select `users`.* from `users` where `users`.`id` = '1' and `name` = 'Magnus_Braun44' : 1ms
select `users`.* from `users` where `users`.`id` = '1' and `name` = 'Magnus_Braun44' : 2ms
select `users`.* from `users` where `users`.`id` = '1' and `name` = 'Magnus_Braun44' : 1ms
select `users`.* from `users` where `users`.`id` = '1' and `name` = 'Magnus_Braun44' : 1ms
select `users`.* from `users` where `users`.`id` = '1' and `name` = 'Magnus_Braun44' : 0ms
select `users`.* from `users` where `users`.`id` = '1' and `name` = 'Magnus_Braun44' : 1ms
select `users`.* from `users` where `users`.`id` = '1' and `name` = 'Magnus_Braun44' : 1ms
select `users`.* from `users` where `users`.`id` = '1' and `name` = 'Magnus_Braun44' : 1ms
select `users`.* from `users` where `users`.`id` = '1' and `name` = 'Magnus_Braun44' : 1ms
select `users`.* from `users` where `users`.`id` = '1' and `name` = 'Magnus_Braun44' : 1ms
select `users`.* from `users` where `users`.`id` = '1' and `name` = 'Magnus_Braun44' : 1ms
select `users`.* from `users` where `users`.`id` = '1' and `name` = 'Magnus_Braun44' : 2ms
select `users`.* from `users` where `users`.`id` = '1' and `name` = 'Magnus_Braun44' : 1ms
select `users`.* from `users` where `users`.`id` = '1' and `name` = 'Magnus_Braun44' : 2ms
select `users`.* from `users` where `users`.`id` = '1' and `name` = 'Magnus_Braun44' : 1ms
select `users`.* from `users` where `users`.`id` = '1' and `name` = 'Magnus_Braun44' : 1ms
select `users`.* from `users` where `users`.`id` = '1' and `name` = 'Magnus_Braun44' : 1ms
select `users`.* from `users` where `users`.`id` = '1' and `name` = 'Magnus_Braun44' : 2ms
select `users`.* from `users` where `users`.`id` = '1' and `name` = 'Magnus_Braun44' : 2ms
select `users`.* from `users` where `users`.`id` = '1' and `name` = 'Magnus_Braun44' : 1ms
select `users`.* from `users` where `users`.`id` = '1' and `name` = 'Magnus_Braun44' : 1ms
select `users`.* from `users` where `users`.`id` = '1' and `name` = 'Magnus_Braun44' : 2ms
select `users`.* from `users` where `users`.`id` = '1' and `name` = 'Magnus_Braun44' : 1ms
select `users`.* from `users` where `users`.`id` = '1' and `name` = 'Magnus_Braun44' : 2ms
select `users`.* from `users` where `users`.`id` = '1' and `name` = 'Magnus_Braun44' : 1ms
select `users`.* from `users` where `users`.`id` = '1' and `name` = 'Magnus_Braun44' : 1ms
select `users`.* from `users` where `users`.`id` = '1' and `name` = 'Magnus_Braun44' : 1ms
select `users`.* from `users` where `users`.`id` = '1' and `name` = 'Magnus_Braun44' : 1ms
select `users`.* from `users` where `users`.`id` = '1' and `name` = 'Magnus_Braun44' : 0ms
select `users`.* from `users` where `users`.`id` = '1' and `name` = 'Magnus_Braun44' : 1ms
select `users`.* from `users` where `users`.`id` = '1' and `name` = 'Magnus_Braun44' : 1ms
select `users`.* from `users` where `users`.`id` = '1' and `name` = 'Magnus_Braun44' : 4ms
select `users`.* from `users` where `users`.`id` = '1' and `name` = 'Magnus_Braun44' : 1ms
select `users`.* from `users` where `users`.`id` = '1' and `name` = 'Magnus_Braun44' : 1ms
select `users`.* from `users` where `users`.`id` = '1' and `name` = 'Magnus_Braun44' : 1ms
select `users`.* from `users` where `users`.`id` = '1' and `name` = 'Magnus_Braun44' : 1ms
select `users`.* from `users` where `users`.`id` = '1' and `name` = 'Magnus_Braun44' : 2ms
select `users`.* from `users` where `users`.`id` = '1' and `name` = 'Magnus_Braun44' : 1ms
select `users`.* from `users` where `users`.`id` = '1' and `name` = 'Magnus_Braun44' : 1ms
select `users`.* from `users` where `users`.`id` = '1' and `name` = 'Magnus_Braun44' : 1ms
select `users`.* from `users` where `users`.`id` = '1' and `name` = 'Magnus_Braun44' : 1ms
select `users`.* from `users` where `users`.`id` = '1' and `name` = 'Magnus_Braun44' : 1ms
select `users`.* from `users` where `users`.`id` = '1' and `name` = 'Magnus_Braun44' : 1ms
select `users`.* from `users` where `users`.`id` = '1' and `name` = 'Magnus_Braun44' : 1ms
select `users`.* from `users` where `users`.`id` = '1' and `name` = 'Magnus_Braun44' : 1ms
select `users`.* from `users` where `users`.`id` = '1' and `name` = 'Magnus_Braun44' : 1ms
select `users`.* from `users` where `users`.`id` = '1' and `name` = 'Magnus_Braun44' : 2ms
select `users`.* from `users` where `users`.`id` = '1' and `name` = 'Magnus_Braun44' : 2ms
select `users`.* from `users` where `users`.`id` = '1' and `name` = 'Magnus_Braun44' : 1ms
select `users`.* from `users` where `users`.`id` = '1' and `name` = 'Magnus_Braun44' : 2ms
select `users`.* from `users` where `email` = 'testing@gmail.com' : 4ms
insert into `users` (`email`, `name`, `password`) values ('testing@gmail.com', 'Asdf', '$2b$10$aEyNcnpyw9MOL/tsrMjA..uhluwYujx7dNtlnSPlaff.hKcjL.QCW') : 5ms
select `users`.* from `users` where `email` = 'testing@gmail.com' : 1ms
select `users`.* from `users` where `email` = 'tesdting@gmail.com' : 1ms
insert into `users` (`email`, `name`, `password`) values ('tesdting@gmail.com', 'Asdf', '$2b$10$UzUhdaT8wRYxs.DKzj0C9uNrzleIV2SFTRVf/qvYngquJkArB5.se') : 5ms
select `users`.* from `users` where `email` = 'tesdting@gmail.com' : 5ms
select `users`.* from `users` where `email` = 'tesasdasddting@gmail.com' : 1ms
insert into `users` (`email`, `name`, `password`) values ('tesasdasddting@gmail.com', 'Asdf', '$2b$10$eTddPbWtfR2qtUA.nMam3u5ZCuJZFRdpeb.NIXGw.6lvT5iRJgjxi') : 6ms
select `users`.* from `users` where `email` = 'asfdsa@gmail.com' : 5ms
insert into `users` (`email`, `name`, `password`) values ('asfdsa@gmail.com', 'Asdf', '$2b$10$DbdM4UMvRKh4uba./161E.jVZP3slMZJCbmCFnARbQUjqVJfV49xq') : 5ms
select `users`.* from `users` where `email` = 'asffffdsa@gmail.com' : 4ms
insert into `users` (`email`, `name`, `password`) values ('asffffdsa@gmail.com', 'Asdf', '$2b$10$z4/r536Oe03YwvMqhMForOBWD2F1hVUTrNaK4HFkXyrzvY/QfZqEi') : 8ms
select `users`.* from `users` where `email` = 'asfffasdsadfdsa@gmail.com' : 1ms
insert into `users` (`email`, `name`, `password`) values ('asfffasdsadfdsa@gmail.com', 'Asdf', '$2b$10$qO296yDZfNomup8A4RVoKO8dB/OKzMiI11fRs2xCgaYdhZoxm7UB.') : 4ms
select `users`.* from `users` where `email` = 'asffffdsa@gmail.com' : 1ms
select `users`.* from `users` where `email` = 'asffffdffdsa@gmail.com' : 3ms
insert into `users` (`email`, `name`, `password`) values ('asffffdffdsa@gmail.com', 'Asdf', '$2b$10$Srw6.2.UG3Vv91SE0XcGY.vX0STCp9sOgL14CyE3AJIQtMsbMqeqe') : 6ms
select `users`.* from `users` where `email` = 'asffffdffdsa@gmail.com' : 4ms
select `users`.* from `users` where `email` = 'asfffffdffdsa@gmail.com' : 1ms
insert into `users` (`email`, `name`, `password`) values ('asfffffdffdsa@gmail.com', 'Asdf', '$2b$10$2fgKsEdtf77tdM7mGBffv.9AvFH1OqYi.kbq..AYv6IAqDRfurEIa') : 7ms
select `users`.* from `users` where `email` = 'asffffffffdffdsa@gmail.com' : 4ms
insert into `users` (`email`, `name`, `password`) values ('asffffffffdffdsa@gmail.com', 'Asdf', '$2b$10$7TS6P2P1CKPSUomM3PbsFO2UzKsrHts6hXEBDO/FiU/Z4kqBSC8lC') : 5ms
select `users`.* from `users` where `email` = 'asffffdfdfffffffdffdsa@gmail.com' : 4ms
insert into `users` (`email`, `name`, `password`) values ('asffffdfdfffffffdffdsa@gmail.com', 'Asdf', '$2b$10$2FwAv4QYOeGM6L5JvFhUPOET1mMrBaoSwGnEs83VHdEIRwpFRy52e') : 8ms
select `users`.* from `users` where `email` = '1@gmail.com' : 5ms
insert into `users` (`email`, `name`, `password`) values ('1@gmail.com', 'Asdf', '$2b$10$7KdAwwHp.E1t9GrNkD.souYH34tVTv7gyGi7Q3N9Fi2.Hmq5Gmvmi') : 4ms
select `users`.* from `users` where `email` = '1f@gmail.com' : 3ms
insert into `users` (`email`, `name`, `password`) values ('1f@gmail.com', 'Asdf', '$2b$10$cHVs/WM887NxeTZLUD/rVOHJyAZTqKMiMFENLRLd68vqI3cO7C2.C') : 8ms
select `users`.* from `users` where `email` = '1fff@gmail.com' : 4ms
select `users`.* from `users` where `email` = '1ffff@gmail.com' : 3ms
select `users`.* from `users` where `email` = '1ffff@gmail.com' : 4ms
insert into `users` (`email`, `name`, `password`) values ('1ffff@gmail.com', 'Asdf', '$2b$10$XNmdViS7s53Wv8YRWnTw0e72VMan2BOXTEPqKbr38kto144Av2sKS') : 8ms
select `users`.* from `users` where `email` = '1fffffff@gmail.com' : 5ms
insert into `users` (`email`, `name`, `password`) values ('1fffffff@gmail.com', 'Asdf', '$2b$10$y05/gkdadmE5dAR8zoWHZuzDiwsl76o4a4TxnPoGouwN4rG4n1WEK') : 4ms
select `users`.* from `users` where `email` = '1ffff2ffff@gmail.com' : 1ms
insert into `users` (`email`, `name`, `password`) values ('1ffff2ffff@gmail.com', 'Asdf', '$2b$10$vCCT3M7c00ln4FfZhVzkj.naR24kNFoiBa8jtM2f6Fy/M0c0aryoK') : 4ms
select `users`.* from `users` where `email` = '1ffff2f44fff@gmail.com' : 4ms
insert into `users` (`email`, `name`, `password`) values ('1ffff2f44fff@gmail.com', 'Asdf', '$2b$10$ETWGgU31AHxUgGi8em/ubOCCrh0vxPZCLNOOhDta53AgrlmuTIyLa') : 5ms
select `users`.* from `users` where `email` = '1ffff2f144fff@gmail.com' : 3ms
insert into `users` (`email`, `name`, `password`) values ('1ffff2f144fff@gmail.com', 'Asdf', '$2b$10$OOcY4VcHNrGfn7PDUKomk.W2EznsjgfOdE24NeUIiId4aMnIGaEeK') : 9ms
select `users`.* from `users` where `email` = '12ffff2f144fff@gmail.com' : 4ms
select `users`.* from `users` where `email` = '12ffff2f144fff@gmail.com' : 4ms
select `users`.* from `users` where `email` = '12ffff2f144fff@gmail.com' : 4ms
select `users`.* from `users` where `email` = '12ffff2f144fff@gmail.com' : 3ms
select `users`.* from `users` where `email` = '12ffff2f144fff@gmail.com' : 3ms
select `users`.* from `users` where `email` = '12ffff2f144fff@gmail.com' : 3ms
select `users`.* from `users` where `email` = '12ffff2f144fff@gmail.com' : 4ms
select `users`.* from `users` where `email` = '12ffff2f144fff@gmail.com' : 4ms
select `users`.* from `users` where `email` = '12ffff2f144fff@gmail.com' : 3ms
select `users`.* from `users` where `email` = '12ffff2f144fff@gmail.com' : 4ms
select `users`.* from `users` where `email` = '1@gmail.com' : 1ms
select `users`.* from `users` where `email` = '1ffdf@gmail.com' : 3ms
insert into `users` (`email`, `name`, `password`) values ('1ffdf@gmail.com', '456', '$2b$10$Bof763tUxxRsQsLlYFpTueFigGFvsTeCDr1osUz3zIW0VAuGTV5xe') : 6ms
select `users`.* from `users` where `email` = '1ffdf@gmail.com' : 4ms
select `users`.* from `users` where `email` = '1ffdf@gmail.com' : 2ms
select `users`.* from `users` where `email` = '1ffdf@gmail.com' : 0ms
select `users`.* from `users` where `email` = '1ffdf@gmail.com' : 1ms
select `users`.* from `users` where `email` = '1ffdf@gmail.com' : 1ms
select `users`.* from `users` where `email` = '1ffdf@gmail.com' : 0ms
select `users`.* from `users` where `email` = '1ffdf@gmail.com' : 1ms
select `users`.* from `users` where `email` = '1ffdf@gmail.com' : 1ms
select `users`.* from `users` where `email` = '1ffdf@gmail.com' : 0ms
select `users`.* from `users` where `email` = '1ffdf@gmail.com' : 1ms
select `users`.* from `users` where `email` = '1ffdf@gmail.com' : 0ms
select `users`.* from `users` where `email` = '1ffdf@gmail.com' : 0ms
select `users`.* from `users` where `email` = '1ffdf@gmail.com' : 1ms
select `users`.* from `users` where `email` = '1ffdf@gmail.com' : 0ms
select `users`.* from `users` where `email` = '1ffdf@gmail.com' : 1ms
select `users`.* from `users` where `email` = '1ffdf@gmail.com' : 1ms
select `users`.* from `users` where `email` = '1ffdf@gmail.com' : 1ms
select `users`.* from `users` where `email` = '1ffdf@gmail.com' : 0ms
select `users`.* from `users` where `email` = '1ffdf@gmail.com' : 0ms
select `users`.* from `users` where `email` = '1ffdf@gmail.com' : 0ms
select `users`.* from `users` where `email` = '1ffdf@gmail.com' : 4ms
select `users`.* from `users` where `users`.`id` = '1' and `name` = 'Magnus_Braun44' : 2ms
select `users`.* from `users` where `users`.`id` = '1' and `name` = 'Magnus_Braun44' : 1ms
select `users`.* from `users` where `users`.`id` = '1' and `name` = 'Magnus_Braun44' : 1ms
select `users`.* from `users` where `users`.`id` = '1' and `name` = 'Magnus_Braun44' : 0ms
select `users`.* from `users` where `users`.`id` = '1' and `name` = 'Magnus_Braun44' : 0ms
select `users`.* from `users` where `users`.`id` = '1' and `name` = 'Magnus_Braun44' : 1ms
select `users`.* from `users` where `users`.`id` = '1' and `name` = 'Magnus_Braun44' : 1ms
select `users`.* from `users` where `users`.`id` = '1' and `name` = 'Magnus_Braun44' : 1ms
select `users`.* from `users` where `users`.`id` = '1' and `name` = 'Magnus_Braun44' : 1ms
select `users`.* from `users` where `users`.`id` = '1' and `name` = 'Magnus_Braun44' : 0ms
select `users`.* from `users` where `users`.`id` = '1' and `name` = 'Magnus_Braun44' : 4ms
select `users`.* from `users` where `users`.`id` = '1' and `name` = 'Magnus_Braun44' : 1ms
select `users`.* from `users` where `users`.`id` = '1' and `name` = 'Magnus_Braun44' : 1ms
select `users`.* from `users` where `users`.`id` = '1' and `name` = 'Magnus_Braun44' : 1ms
select `users`.* from `users` where `email` = '1ffdf@gmail.com' : 0ms
select `users`.* from `users` where `email` = '1ffdf@gmail.com' : 4ms
select `users`.* from `users` where `email` = '1ffdf@gmail.com' : 2ms
select `users`.* from `users` where `email` = '1ffdf@gmail.com' : 1ms
select `users`.* from `users` where `email` = '1ffdf@gmail.com' : 2ms
select `users`.* from `users` where `users`.`id` = '1' and `name` = 'Magnus_Braun44' : 3ms
select `users`.* from `users` where `users`.`id` = '1' and `name` = 'Magnus_Braun44' : 1ms
select `users`.* from `users` where `users`.`id` = '1' and `name` = 'Magnus_Braun44' : 4ms
select `users`.* from `users` where `users`.`id` = '1' and `name` = 'Magnus_Braun44' : 1ms
select `users`.* from `users` where `email` = '1ffdf@gmail.com' : 0ms
select `users`.* from `users` where `email` = '1ffdf@gmail.com' : 1ms
select `users`.* from `users` where `email` = '1ff2df@gmail.com' : 1ms
insert into `users` (`email`, `name`, `password`) values ('1ff2df@gmail.com', '456', '$2b$10$F4KBp/aUdo1Zz09/gdwMke5S2u6RwMVlQ79f7/aBNg3Dz7zcUQgeK') : 8ms
select `users`.* from `users` where `email` = '1ff2df@gmail.com' : 5ms
select `users`.* from `users` where `email` = '1ff42df@gmail.com' : 3ms
select `users`.* from `users` where `email` = '1ff42df@gmail.' : 4ms
insert into `users` (`email`, `name`, `password`) values ('1ff42df@gmail.', '456', '$2b$10$.eZZJDI2WdKmq3dDZXldO.Q3BQF5x1C63iqMOSJu7RjlhKwq7zLjy') : 7ms
select `users`.* from `users` where `email` = '1ff42df@gmail.' : 5ms
select `users`.* from `users` where `email` = '1ff42d2f@gmail.' : 1ms
select `users`.* from `users` where `email` = '1ff42d2f@gmail.' : 4ms
select `users`.* from `users` where `email` = '1ff42d2f@gmail.' : 4ms
select `users`.* from `users` where `email` = '1ff42d2f@gmail.' : 4ms
select `users`.* from `users` where `email` = '1ff42d2f@gmail.' : 4ms
select `users`.* from `users` where `email` = '1ff42d2f@gmail.' : 3ms
select `users`.* from `users` where `email` = '1ffff42d2f@gmail.' : 4ms
insert into `users` (`email`, `name`, `password`) values ('1ffff42d2f@gmail.', '456', '$2b$10$8G7X0G7UQ6gZxVkGIdQBk.fSOKLgQ/z/5KQNhYOBJpaQ0BYUks.Wm') : 8ms
select `users`.* from `users` where `email` = '1ffff42d2f@gmail.' : 5ms
select `users`.* from `users` where `email` = '1ffffdfdff42d2f@gmail.' : 1ms
insert into `users` (`email`, `name`, `password`) values ('1ffffdfdff42d2f@gmail.', '456', '$2b$10$kruc.KLgiV41o2Z1Oxkp4eKlOonvGblCyEqMNnY.JkjyqsztQv2EO') : 4ms
select `users`.* from `users` where `email` = '1fffffdfdff42d2f@gmail.' : 3ms
insert into `users` (`email`, `name`, `password`) values ('1fffffdfdff42d2f@gmail.', '456', '$2b$10$Un0WlOhRDEW79YyOVf9ylOfQY5FS4cFn56QnJD2sMcA/vENCa4JdK') : 9ms
select `users`.* from `users` where `email` = '1fffffdfdff42d2f@gmail.' : 5ms
select `users`.* from `users` where `email` = '1ffffffdfdff42d2f@gmail.' : 0ms
insert into `users` (`email`, `name`, `password`) values ('1ffffffdfdff42d2f@gmail.', '456', '$2b$10$ZZ2G64/veJVSgq5WWEQkzeMsoKWDjXD5COjfQp3KauMOJPIkLlgx2') : 8ms
select `users`.* from `users` where `email` = '1ffffffdfdff42d2f@gmail.' : 5ms
select `users`.* from `users` where `email` = '1fffffffdfdff42d2f@gmail.' : 1ms
select `users`.* from `users` where `email` = '1ffffffdffdfdff42d2f@gmail.' : 5ms
select `users`.* from `users` where `email` = '1ffffffdfdffdffdfdff42d2f@gmail.' : 4ms
select `users`.* from `users` where `email` = '1ffffffdfdfffdffdfdff42d2f@gmail.' : 3ms
select `users`.* from `users` where `email` = '1ffffffdfdffffdffdfdff42d2f@gmail.' : 3ms
